<?xml version="1.0" encoding="UTF-8"?>
<testng-results skipped="0" failed="0" ignored="0" total="1" passed="1">
  <reporter-output>
  </reporter-output>
  <suite name="Default suite" duration-ms="322" started-at="2018-04-11T10:38:40Z" finished-at="2018-04-11T10:38:40Z">
    <groups>
    </groups>
    <test name="Default test" duration-ms="322" started-at="2018-04-11T10:38:40Z" finished-at="2018-04-11T10:38:40Z">
      <class name="test.test2.test3.NewTest">
        <test-method status="PASS" signature="beforeClass()[pri:0, instance:test.test2.test3.NewTest@51081592]" name="beforeClass" is-config="true" duration-ms="17" started-at="2018-04-11T16:08:40Z" finished-at="2018-04-11T16:08:40Z">
          <reporter-output>
          </reporter-output>
        </test-method> <!-- beforeClass -->
        <test-method status="PASS" signature="f()[pri:0, instance:test.test2.test3.NewTest@51081592]" name="f" duration-ms="265" started-at="2018-04-11T16:08:40Z" finished-at="2018-04-11T16:08:40Z">
          <reporter-output>
          </reporter-output>
        </test-method> <!-- f -->
        <test-method status="PASS" signature="afterClass()[pri:0, instance:test.test2.test3.NewTest@51081592]" name="afterClass" is-config="true" duration-ms="1" started-at="2018-04-11T16:08:40Z" finished-at="2018-04-11T16:08:40Z">
          <reporter-output>
          </reporter-output>
        </test-method> <!-- afterClass -->
      </class> <!-- test.test2.test3.NewTest -->
    </test> <!-- Default test -->
  </suite> <!-- Default suite -->
</testng-results>
